<?xml version="1.0" encoding="UTF-8"?>
<testng-results ignored="0" total="2" passed="2" failed="0" skipped="0">
  <reporter-output>
  </reporter-output>
  <suite started-at="2024-06-28T08:22:05 IST" name="Default suite" finished-at="2024-06-28T08:22:09 IST" duration-ms="4076">
    <groups>
    </groups>
    <test started-at="2024-06-28T08:22:05 IST" name="Default test" finished-at="2024-06-28T08:22:09 IST" duration-ms="4076">
      <class name="RestAssuredTest.GetandPost">
        <test-method signature="testGet()[pri:0, instance:RestAssuredTest.GetandPost@7a35b0f5]" started-at="2024-06-28T08:22:05 IST" name="testGet" finished-at="2024-06-28T08:22:08 IST" duration-ms="2968" status="PASS">
          <reporter-output>
          </reporter-output>
        </test-method> <!-- testGet -->
        <test-method signature="testPost()[pri:0, instance:RestAssuredTest.GetandPost@7a35b0f5]" started-at="2024-06-28T08:22:08 IST" name="testPost" finished-at="2024-06-28T08:22:09 IST" duration-ms="1051" status="PASS">
          <reporter-output>
          </reporter-output>
        </test-method> <!-- testPost -->
      </class> <!-- RestAssuredTest.GetandPost -->
    </test> <!-- Default test -->
  </suite> <!-- Default suite -->
</testng-results>
