<?xml version="1.0" encoding="UTF-8"?>
<testng-results ignored="0" total="1" passed="1" failed="0" skipped="0">
  <reporter-output>
  </reporter-output>
  <suite started-at="2024-07-16T12:28:39 IST" name="LikithaProject" finished-at="2024-07-16T12:29:15 IST" duration-ms="36008">
    <groups>
    </groups>
    <test started-at="2024-07-16T12:28:39 IST" name="FirstTest" finished-at="2024-07-16T12:29:15 IST" duration-ms="36008">
      <class name="Tests.FirstTest">
        <test-method is-config="true" signature="LaunchBrowser()[pri:0, instance:Tests.FirstTest@723ca036]" started-at="2024-07-16T12:28:39 IST" name="LaunchBrowser" finished-at="2024-07-16T12:28:52 IST" duration-ms="12838" status="PASS">
          <reporter-output>
          </reporter-output>
        </test-method> <!-- LaunchBrowser -->
        <test-method signature="init()[pri:0, instance:Tests.FirstTest@723ca036]" started-at="2024-07-16T12:28:52 IST" name="init" finished-at="2024-07-16T12:29:15 IST" duration-ms="23049" status="PASS">
          <reporter-output>
          </reporter-output>
        </test-method> <!-- init -->
        <test-method is-config="true" signature="CloseBrowser()[pri:0, instance:Tests.FirstTest@723ca036]" started-at="2024-07-16T12:29:15 IST" name="CloseBrowser" finished-at="2024-07-16T12:29:15 IST" duration-ms="0" status="PASS">
          <reporter-output>
          </reporter-output>
        </test-method> <!-- CloseBrowser -->
      </class> <!-- Tests.FirstTest -->
    </test> <!-- FirstTest -->
  </suite> <!-- LikithaProject -->
</testng-results>
